Using pre-set license
Built from '2020.2/release' branch; Version is '2020.2.2f1 (068178b99f32) revision 426360'; Using compiler version '192528614'; Build Type 'Release'
OS: 'Windows 10 Pro; OS build 19042.804; Version 2009; 64bit' Language: 'en' Physical Memory: 16335 MB
BatchMode: 1, IsHumanControllingUs: 0, StartBugReporterOnCrash: 0, Is64bit: 1, IsPro: 0

 COMMAND LINE ARGUMENTS:
C:\Program Files\Unity\Hub\Editor\2020.2.2f1\Editor\Unity.exe
-adb2
-batchMode
-noUpm
-name
AssetImportWorker0
-projectPath
C:/Users/buber/Documents/Repository/mega-golf-best-golf-game-in-existence/MegaGolf
-logFile
Logs/AssetImportWorker0.log
-srvPort
50296
Successfully changed project path to: C:/Users/buber/Documents/Repository/mega-golf-best-golf-game-in-existence/MegaGolf
C:/Users/buber/Documents/Repository/mega-golf-best-golf-game-in-existence/MegaGolf
Using Asset Import Pipeline V2.
Refreshing native plugins compatible for Editor in 31.34 ms, found 0 plugins.
Preloading 0 native plugins for Editor in 0.00 ms.
Initialize engine version: 2020.2.2f1 (068178b99f32)
[Subsystems] Discovering subsystems at path C:/Program Files/Unity/Hub/Editor/2020.2.2f1/Editor/Data/Resources/UnitySubsystems
[Subsystems] Discovering subsystems at path C:/Users/buber/Documents/Repository/mega-golf-best-golf-game-in-existence/MegaGolf/Assets
GfxDevice: creating device client; threaded=0
Direct3D:
    Version:  Direct3D 11.0 [level 11.1]
    Renderer: Radeon RX 5500 XT (ID=0x7340)
    Vendor:   
    VRAM:     8152 MB
    Driver:   27.20.14533.1000
Initialize mono
Mono path[0] = 'C:/Program Files/Unity/Hub/Editor/2020.2.2f1/Editor/Data/Managed'
Mono path[1] = 'C:/Program Files/Unity/Hub/Editor/2020.2.2f1/Editor/Data/MonoBleedingEdge/lib/mono/unityjit'
Mono config path = 'C:/Program Files/Unity/Hub/Editor/2020.2.2f1/Editor/Data/MonoBleedingEdge/etc'
Using monoOptions --debugger-agent=transport=dt_socket,embedding=1,server=y,suspend=n,address=127.0.0.1:56824
Begin MonoManager ReloadAssembly
Registering precompiled unity dll's ...
Register platform support module: C:/Program Files/Unity/Hub/Editor/2020.2.2f1/Editor/Data/PlaybackEngines/WindowsStandaloneSupport/UnityEditor.WindowsStandalone.Extensions.dll
Registered in 0.002410 seconds.
Native extension for WindowsStandalone target not found
Refreshing native plugins compatible for Editor in 32.38 ms, found 0 plugins.
Preloading 0 native plugins for Editor in 0.00 ms.
Invoked RoslynAnalysisRunner static constructor.
RoslynAnalysisRunner will not be running.
RoslynAnalysisRunner has terminated.
Mono: successfully reloaded assembly
- Completed reload, in  1.218 seconds
Platform modules already initialized, skipping
Registering precompiled user dll's ...
Registered in 0.000893 seconds.
Begin MonoManager ReloadAssembly
Native extension for WindowsStandalone target not found
Refreshing native plugins compatible for Editor in 0.29 ms, found 0 plugins.
Preloading 0 native plugins for Editor in 0.00 ms.
Invoked RoslynAnalysisRunner static constructor.
RoslynAnalysisRunner will not be running.
RoslynAnalysisRunner has terminated.
Mono: successfully reloaded assembly
- Completed reload, in  0.980 seconds
Platform modules already initialized, skipping
========================================================================
Worker process is ready to serve import requests
Launched and connected shader compiler UnityShaderCompiler.exe after 0.04 seconds
Refreshing native plugins compatible for Editor in 0.29 ms, found 0 plugins.
Preloading 0 native plugins for Editor in 0.00 ms.
Unloading 1480 Unused Serialized files (Serialized files now loaded: 0)
System memory in use before: 74.6 MB.
System memory in use after: 74.7 MB.

Unloading 66 unused Assets to reduce memory usage. Loaded Objects now: 1921.
Total: 2.216300 ms (FindLiveObjects: 0.198300 ms CreateObjectMapping: 0.049400 ms MarkObjects: 1.827100 ms  DeleteObjects: 0.140400 ms)

========================================================================
Received Import Request.
  path: Assets/BrokenVector/LowPolyWinterPack/Prefabs
  artifactKey: Guid(411014461486c7d40b90f121a528d5b5) Importer(815301076,1909f56bfc062723c751e8b465ee728b)
Start importing Assets/BrokenVector/LowPolyWinterPack/Prefabs using Guid(411014461486c7d40b90f121a528d5b5) Importer(815301076,1909f56bfc062723c751e8b465ee728b)  -> (artifact id: '84246f70aab4e5b507257c7a9daa93b8') in 0.010828 seconds
  Import took 0.013342 seconds .

========================================================================
Received Prepare
Refreshing native plugins compatible for Editor in 1.00 ms, found 0 plugins.
Preloading 0 native plugins for Editor in 0.00 ms.
Unloading 2 Unused Serialized files (Serialized files now loaded: 0)
System memory in use before: 42.9 MB.
System memory in use after: 43.0 MB.

Unloading 2 unused Assets to reduce memory usage. Loaded Objects now: 1921.
Total: 2.319800 ms (FindLiveObjects: 0.171200 ms CreateObjectMapping: 0.036000 ms MarkObjects: 2.099400 ms  DeleteObjects: 0.012000 ms)

========================================================================
Received Prepare
Registering precompiled user dll's ...
Registered in 0.001370 seconds.
Begin MonoManager ReloadAssembly
Native extension for WindowsStandalone target not found
Refreshing native plugins compatible for Editor in 0.44 ms, found 0 plugins.
Preloading 0 native plugins for Editor in 0.00 ms.
Warning: Annotation not found!
UnityEngine.StackTraceUtility:ExtractStackTrace ()
UnityEditor.ProBuilder.EditorUtility:SetGizmoIconEnabled (System.Type,bool) (at Library/PackageCache/com.unity.probuilder@4.4.0/Editor/EditorCore/EditorUtility.cs:593)
UnityEditor.ProBuilder.HierarchyListener:.cctor () (at Library/PackageCache/com.unity.probuilder@4.4.0/Editor/EditorCore/HierarchyListener.cs:21)
System.Runtime.CompilerServices.RuntimeHelpers:RunClassConstructor (System.RuntimeTypeHandle)
UnityEditor.EditorAssemblies:ProcessInitializeOnLoadAttributes (System.Type[])

[Library/PackageCache/com.unity.probuilder@4.4.0/Editor/EditorCore/EditorUtility.cs line 593]

Invoked RoslynAnalysisRunner static constructor.
RoslynAnalysisRunner will not be running.
RoslynAnalysisRunner has terminated.
Mono: successfully reloaded assembly
- Completed reload, in  0.913 seconds
Platform modules already initialized, skipping
Refreshing native plugins compatible for Editor in 0.47 ms, found 0 plugins.
Preloading 0 native plugins for Editor in 0.00 ms.
Unloading 1432 Unused Serialized files (Serialized files now loaded: 0)
System memory in use before: 72.6 MB.
System memory in use after: 72.7 MB.

Unloading 4 unused Assets to reduce memory usage. Loaded Objects now: 1923.
Total: 2.248500 ms (FindLiveObjects: 0.198100 ms CreateObjectMapping: 0.036500 ms MarkObjects: 1.991800 ms  DeleteObjects: 0.020600 ms)

========================================================================
Received Prepare
Registering precompiled user dll's ...
Registered in 0.001745 seconds.
Begin MonoManager ReloadAssembly
Native extension for WindowsStandalone target not found
Refreshing native plugins compatible for Editor in 0.47 ms, found 0 plugins.
Preloading 0 native plugins for Editor in 0.00 ms.
Warning: Annotation not found!
UnityEngine.StackTraceUtility:ExtractStackTrace ()
UnityEditor.ProBuilder.EditorUtility:SetGizmoIconEnabled (System.Type,bool) (at Library/PackageCache/com.unity.probuilder@4.4.0/Editor/EditorCore/EditorUtility.cs:593)
UnityEditor.ProBuilder.HierarchyListener:.cctor () (at Library/PackageCache/com.unity.probuilder@4.4.0/Editor/EditorCore/HierarchyListener.cs:21)
System.Runtime.CompilerServices.RuntimeHelpers:RunClassConstructor (System.RuntimeTypeHandle)
UnityEditor.EditorAssemblies:ProcessInitializeOnLoadAttributes (System.Type[])

[Library/PackageCache/com.unity.probuilder@4.4.0/Editor/EditorCore/EditorUtility.cs line 593]

Invoked RoslynAnalysisRunner static constructor.
RoslynAnalysisRunner will not be running.
RoslynAnalysisRunner has terminated.
Mono: successfully reloaded assembly
- Completed reload, in  0.978 seconds
Platform modules already initialized, skipping
Refreshing native plugins compatible for Editor in 0.47 ms, found 0 plugins.
Preloading 0 native plugins for Editor in 0.00 ms.
Unloading 1432 Unused Serialized files (Serialized files now loaded: 0)
System memory in use before: 72.9 MB.
System memory in use after: 73.1 MB.

Unloading 4 unused Assets to reduce memory usage. Loaded Objects now: 1925.
Total: 2.358300 ms (FindLiveObjects: 0.206200 ms CreateObjectMapping: 0.054400 ms MarkObjects: 2.078400 ms  DeleteObjects: 0.018400 ms)

========================================================================
Received Prepare
Registering precompiled user dll's ...
Registered in 0.000825 seconds.
Begin MonoManager ReloadAssembly
Native extension for WindowsStandalone target not found
Refreshing native plugins compatible for Editor in 0.32 ms, found 0 plugins.
Preloading 0 native plugins for Editor in 0.00 ms.
Warning: Annotation not found!
UnityEngine.StackTraceUtility:ExtractStackTrace ()
UnityEditor.ProBuilder.EditorUtility:SetGizmoIconEnabled (System.Type,bool) (at Library/PackageCache/com.unity.probuilder@4.4.0/Editor/EditorCore/EditorUtility.cs:593)
UnityEditor.ProBuilder.HierarchyListener:.cctor () (at Library/PackageCache/com.unity.probuilder@4.4.0/Editor/EditorCore/HierarchyListener.cs:21)
System.Runtime.CompilerServices.RuntimeHelpers:RunClassConstructor (System.RuntimeTypeHandle)
UnityEditor.EditorAssemblies:ProcessInitializeOnLoadAttributes (System.Type[])

[Library/PackageCache/com.unity.probuilder@4.4.0/Editor/EditorCore/EditorUtility.cs line 593]

Invoked RoslynAnalysisRunner static constructor.
RoslynAnalysisRunner will not be running.
RoslynAnalysisRunner has terminated.
Mono: successfully reloaded assembly
- Completed reload, in  0.871 seconds
Platform modules already initialized, skipping
Refreshing native plugins compatible for Editor in 0.29 ms, found 0 plugins.
Preloading 0 native plugins for Editor in 0.00 ms.
Unloading 1432 Unused Serialized files (Serialized files now loaded: 0)
System memory in use before: 72.8 MB.
System memory in use after: 72.9 MB.

Unloading 4 unused Assets to reduce memory usage. Loaded Objects now: 1927.
Total: 2.026300 ms (FindLiveObjects: 0.160300 ms CreateObjectMapping: 0.036400 ms MarkObjects: 1.811100 ms  DeleteObjects: 0.017600 ms)

========================================================================
Received Prepare
Registering precompiled user dll's ...
Registered in 0.000856 seconds.
Begin MonoManager ReloadAssembly
Native extension for WindowsStandalone target not found
Refreshing native plugins compatible for Editor in 0.29 ms, found 0 plugins.
Preloading 0 native plugins for Editor in 0.00 ms.
Warning: Annotation not found!
UnityEngine.StackTraceUtility:ExtractStackTrace ()
UnityEditor.ProBuilder.EditorUtility:SetGizmoIconEnabled (System.Type,bool) (at Library/PackageCache/com.unity.probuilder@4.4.0/Editor/EditorCore/EditorUtility.cs:593)
UnityEditor.ProBuilder.HierarchyListener:.cctor () (at Library/PackageCache/com.unity.probuilder@4.4.0/Editor/EditorCore/HierarchyListener.cs:21)
System.Runtime.CompilerServices.RuntimeHelpers:RunClassConstructor (System.RuntimeTypeHandle)
UnityEditor.EditorAssemblies:ProcessInitializeOnLoadAttributes (System.Type[])

[Library/PackageCache/com.unity.probuilder@4.4.0/Editor/EditorCore/EditorUtility.cs line 593]

Invoked RoslynAnalysisRunner static constructor.
RoslynAnalysisRunner will not be running.
RoslynAnalysisRunner has terminated.
Mono: successfully reloaded assembly
- Completed reload, in  0.848 seconds
Platform modules already initialized, skipping
Refreshing native plugins compatible for Editor in 0.29 ms, found 0 plugins.
Preloading 0 native plugins for Editor in 0.00 ms.
Unloading 1432 Unused Serialized files (Serialized files now loaded: 0)
System memory in use before: 73.0 MB.
System memory in use after: 73.1 MB.

Unloading 4 unused Assets to reduce memory usage. Loaded Objects now: 1929.
Total: 2.168200 ms (FindLiveObjects: 0.170900 ms CreateObjectMapping: 0.043500 ms MarkObjects: 1.939100 ms  DeleteObjects: 0.013700 ms)

========================================================================
Received Prepare
Registering precompiled user dll's ...
Registered in 0.000862 seconds.
Begin MonoManager ReloadAssembly
Native extension for WindowsStandalone target not found
Refreshing native plugins compatible for Editor in 0.29 ms, found 0 plugins.
Preloading 0 native plugins for Editor in 0.00 ms.
Warning: Annotation not found!
UnityEngine.StackTraceUtility:ExtractStackTrace ()
UnityEditor.ProBuilder.EditorUtility:SetGizmoIconEnabled (System.Type,bool) (at Library/PackageCache/com.unity.probuilder@4.4.0/Editor/EditorCore/EditorUtility.cs:593)
UnityEditor.ProBuilder.HierarchyListener:.cctor () (at Library/PackageCache/com.unity.probuilder@4.4.0/Editor/EditorCore/HierarchyListener.cs:21)
System.Runtime.CompilerServices.RuntimeHelpers:RunClassConstructor (System.RuntimeTypeHandle)
UnityEditor.EditorAssemblies:ProcessInitializeOnLoadAttributes (System.Type[])

[Library/PackageCache/com.unity.probuilder@4.4.0/Editor/EditorCore/EditorUtility.cs line 593]

Invoked RoslynAnalysisRunner static constructor.
RoslynAnalysisRunner will not be running.
RoslynAnalysisRunner has terminated.
Mono: successfully reloaded assembly
- Completed reload, in  0.849 seconds
Platform modules already initialized, skipping
Refreshing native plugins compatible for Editor in 0.29 ms, found 0 plugins.
Preloading 0 native plugins for Editor in 0.00 ms.
Unloading 1432 Unused Serialized files (Serialized files now loaded: 0)
System memory in use before: 73.0 MB.
System memory in use after: 73.1 MB.

Unloading 4 unused Assets to reduce memory usage. Loaded Objects now: 1931.
Total: 2.078000 ms (FindLiveObjects: 0.223500 ms CreateObjectMapping: 0.047700 ms MarkObjects: 1.790100 ms  DeleteObjects: 0.015600 ms)

========================================================================
Received Prepare
Registering precompiled user dll's ...
Registered in 0.000947 seconds.
Begin MonoManager ReloadAssembly
Native extension for WindowsStandalone target not found
Refreshing native plugins compatible for Editor in 0.39 ms, found 0 plugins.
Preloading 0 native plugins for Editor in 0.00 ms.
Warning: Annotation not found!
UnityEngine.StackTraceUtility:ExtractStackTrace ()
UnityEditor.ProBuilder.EditorUtility:SetGizmoIconEnabled (System.Type,bool) (at Library/PackageCache/com.unity.probuilder@4.4.0/Editor/EditorCore/EditorUtility.cs:593)
UnityEditor.ProBuilder.HierarchyListener:.cctor () (at Library/PackageCache/com.unity.probuilder@4.4.0/Editor/EditorCore/HierarchyListener.cs:21)
System.Runtime.CompilerServices.RuntimeHelpers:RunClassConstructor (System.RuntimeTypeHandle)
UnityEditor.EditorAssemblies:ProcessInitializeOnLoadAttributes (System.Type[])

[Library/PackageCache/com.unity.probuilder@4.4.0/Editor/EditorCore/EditorUtility.cs line 593]

Invoked RoslynAnalysisRunner static constructor.
RoslynAnalysisRunner will not be running.
RoslynAnalysisRunner has terminated.
Mono: successfully reloaded assembly
- Completed reload, in  0.879 seconds
Platform modules already initialized, skipping
Refreshing native plugins compatible for Editor in 0.30 ms, found 0 plugins.
Preloading 0 native plugins for Editor in 0.00 ms.
Unloading 1432 Unused Serialized files (Serialized files now loaded: 0)
System memory in use before: 73.0 MB.
System memory in use after: 73.1 MB.

Unloading 4 unused Assets to reduce memory usage. Loaded Objects now: 1933.
Total: 2.416200 ms (FindLiveObjects: 0.172100 ms CreateObjectMapping: 0.036500 ms MarkObjects: 2.190800 ms  DeleteObjects: 0.015500 ms)

========================================================================
Received Prepare
Registering precompiled user dll's ...
Registered in 0.000861 seconds.
Begin MonoManager ReloadAssembly
Native extension for WindowsStandalone target not found
Refreshing native plugins compatible for Editor in 0.29 ms, found 0 plugins.
Preloading 0 native plugins for Editor in 0.00 ms.
Warning: Annotation not found!
UnityEngine.StackTraceUtility:ExtractStackTrace ()
UnityEditor.ProBuilder.EditorUtility:SetGizmoIconEnabled (System.Type,bool) (at Library/PackageCache/com.unity.probuilder@4.4.0/Editor/EditorCore/EditorUtility.cs:593)
UnityEditor.ProBuilder.HierarchyListener:.cctor () (at Library/PackageCache/com.unity.probuilder@4.4.0/Editor/EditorCore/HierarchyListener.cs:21)
System.Runtime.CompilerServices.RuntimeHelpers:RunClassConstructor (System.RuntimeTypeHandle)
UnityEditor.EditorAssemblies:ProcessInitializeOnLoadAttributes (System.Type[])

[Library/PackageCache/com.unity.probuilder@4.4.0/Editor/EditorCore/EditorUtility.cs line 593]

Invoked RoslynAnalysisRunner static constructor.
RoslynAnalysisRunner will not be running.
RoslynAnalysisRunner has terminated.
Mono: successfully reloaded assembly
- Completed reload, in  0.853 seconds
Platform modules already initialized, skipping
Refreshing native plugins compatible for Editor in 0.29 ms, found 0 plugins.
Preloading 0 native plugins for Editor in 0.00 ms.
Unloading 1432 Unused Serialized files (Serialized files now loaded: 0)
System memory in use before: 73.0 MB.
System memory in use after: 73.1 MB.

Unloading 4 unused Assets to reduce memory usage. Loaded Objects now: 1935.
Total: 2.036800 ms (FindLiveObjects: 0.171400 ms CreateObjectMapping: 0.044800 ms MarkObjects: 1.805900 ms  DeleteObjects: 0.013900 ms)

========================================================================
Received Prepare
Registering precompiled user dll's ...
Registered in 0.000867 seconds.
Begin MonoManager ReloadAssembly
Native extension for WindowsStandalone target not found
Refreshing native plugins compatible for Editor in 0.29 ms, found 0 plugins.
Preloading 0 native plugins for Editor in 0.00 ms.
Warning: Annotation not found!
UnityEngine.StackTraceUtility:ExtractStackTrace ()
UnityEditor.ProBuilder.EditorUtility:SetGizmoIconEnabled (System.Type,bool) (at Library/PackageCache/com.unity.probuilder@4.4.0/Editor/EditorCore/EditorUtility.cs:593)
UnityEditor.ProBuilder.HierarchyListener:.cctor () (at Library/PackageCache/com.unity.probuilder@4.4.0/Editor/EditorCore/HierarchyListener.cs:21)
System.Runtime.CompilerServices.RuntimeHelpers:RunClassConstructor (System.RuntimeTypeHandle)
UnityEditor.EditorAssemblies:ProcessInitializeOnLoadAttributes (System.Type[])

[Library/PackageCache/com.unity.probuilder@4.4.0/Editor/EditorCore/EditorUtility.cs line 593]

Invoked RoslynAnalysisRunner static constructor.
RoslynAnalysisRunner will not be running.
RoslynAnalysisRunner has terminated.
Mono: successfully reloaded assembly
- Completed reload, in  0.879 seconds
Platform modules already initialized, skipping
Refreshing native plugins compatible for Editor in 0.29 ms, found 0 plugins.
Preloading 0 native plugins for Editor in 0.00 ms.
Unloading 1432 Unused Serialized files (Serialized files now loaded: 0)
System memory in use before: 72.7 MB.
System memory in use after: 72.8 MB.

Unloading 4 unused Assets to reduce memory usage. Loaded Objects now: 1937.
Total: 2.206700 ms (FindLiveObjects: 0.189800 ms CreateObjectMapping: 0.036000 ms MarkObjects: 1.962400 ms  DeleteObjects: 0.016900 ms)

========================================================================
Received Prepare
Registering precompiled user dll's ...
Registered in 0.000790 seconds.
Begin MonoManager ReloadAssembly
Native extension for WindowsStandalone target not found
Refreshing native plugins compatible for Editor in 0.30 ms, found 0 plugins.
Preloading 0 native plugins for Editor in 0.00 ms.
Warning: Annotation not found!
UnityEngine.StackTraceUtility:ExtractStackTrace ()
UnityEditor.ProBuilder.EditorUtility:SetGizmoIconEnabled (System.Type,bool) (at Library/PackageCache/com.unity.probuilder@4.4.0/Editor/EditorCore/EditorUtility.cs:593)
UnityEditor.ProBuilder.HierarchyListener:.cctor () (at Library/PackageCache/com.unity.probuilder@4.4.0/Editor/EditorCore/HierarchyListener.cs:21)
System.Runtime.CompilerServices.RuntimeHelpers:RunClassConstructor (System.RuntimeTypeHandle)
UnityEditor.EditorAssemblies:ProcessInitializeOnLoadAttributes (System.Type[])

[Library/PackageCache/com.unity.probuilder@4.4.0/Editor/EditorCore/EditorUtility.cs line 593]

Invoked RoslynAnalysisRunner static constructor.
RoslynAnalysisRunner will not be running.
RoslynAnalysisRunner has terminated.
Mono: successfully reloaded assembly
- Completed reload, in  0.854 seconds
Platform modules already initialized, skipping
Refreshing native plugins compatible for Editor in 0.30 ms, found 0 plugins.
Preloading 0 native plugins for Editor in 0.00 ms.
Unloading 1432 Unused Serialized files (Serialized files now loaded: 0)
System memory in use before: 73.0 MB.
System memory in use after: 73.1 MB.

Unloading 4 unused Assets to reduce memory usage. Loaded Objects now: 1939.
Total: 2.090100 ms (FindLiveObjects: 0.205100 ms CreateObjectMapping: 0.041300 ms MarkObjects: 1.829700 ms  DeleteObjects: 0.013000 ms)

========================================================================
Received Prepare
Registering precompiled user dll's ...
Registered in 0.000757 seconds.
Begin MonoManager ReloadAssembly
Native extension for WindowsStandalone target not found
Refreshing native plugins compatible for Editor in 0.29 ms, found 0 plugins.
Preloading 0 native plugins for Editor in 0.00 ms.
Warning: Annotation not found!
UnityEngine.StackTraceUtility:ExtractStackTrace ()
UnityEditor.ProBuilder.EditorUtility:SetGizmoIconEnabled (System.Type,bool) (at Library/PackageCache/com.unity.probuilder@4.4.0/Editor/EditorCore/EditorUtility.cs:593)
UnityEditor.ProBuilder.HierarchyListener:.cctor () (at Library/PackageCache/com.unity.probuilder@4.4.0/Editor/EditorCore/HierarchyListener.cs:21)
System.Runtime.CompilerServices.RuntimeHelpers:RunClassConstructor (System.RuntimeTypeHandle)
UnityEditor.EditorAssemblies:ProcessInitializeOnLoadAttributes (System.Type[])

[Library/PackageCache/com.unity.probuilder@4.4.0/Editor/EditorCore/EditorUtility.cs line 593]

Invoked RoslynAnalysisRunner static constructor.
RoslynAnalysisRunner will not be running.
RoslynAnalysisRunner has terminated.
Mono: successfully reloaded assembly
- Completed reload, in  0.862 seconds
Platform modules already initialized, skipping
Refreshing native plugins compatible for Editor in 0.29 ms, found 0 plugins.
Preloading 0 native plugins for Editor in 0.00 ms.
Unloading 1432 Unused Serialized files (Serialized files now loaded: 0)
System memory in use before: 72.8 MB.
System memory in use after: 72.9 MB.

Unloading 4 unused Assets to reduce memory usage. Loaded Objects now: 1941.
Total: 2.174900 ms (FindLiveObjects: 0.189000 ms CreateObjectMapping: 0.038500 ms MarkObjects: 1.928500 ms  DeleteObjects: 0.017600 ms)

========================================================================
Received Prepare
Registering precompiled user dll's ...
Registered in 0.000950 seconds.
Begin MonoManager ReloadAssembly
Native extension for WindowsStandalone target not found
Refreshing native plugins compatible for Editor in 0.30 ms, found 0 plugins.
Preloading 0 native plugins for Editor in 0.00 ms.
Warning: Annotation not found!
UnityEngine.StackTraceUtility:ExtractStackTrace ()
UnityEditor.ProBuilder.EditorUtility:SetGizmoIconEnabled (System.Type,bool) (at Library/PackageCache/com.unity.probuilder@4.4.0/Editor/EditorCore/EditorUtility.cs:593)
UnityEditor.ProBuilder.HierarchyListener:.cctor () (at Library/PackageCache/com.unity.probuilder@4.4.0/Editor/EditorCore/HierarchyListener.cs:21)
System.Runtime.CompilerServices.RuntimeHelpers:RunClassConstructor (System.RuntimeTypeHandle)
UnityEditor.EditorAssemblies:ProcessInitializeOnLoadAttributes (System.Type[])

[Library/PackageCache/com.unity.probuilder@4.4.0/Editor/EditorCore/EditorUtility.cs line 593]

Invoked RoslynAnalysisRunner static constructor.
RoslynAnalysisRunner will not be running.
RoslynAnalysisRunner has terminated.
Mono: successfully reloaded assembly
- Completed reload, in  0.875 seconds
Platform modules already initialized, skipping
Refreshing native plugins compatible for Editor in 0.30 ms, found 0 plugins.
Preloading 0 native plugins for Editor in 0.00 ms.
Unloading 1432 Unused Serialized files (Serialized files now loaded: 0)
System memory in use before: 73.0 MB.
System memory in use after: 73.1 MB.

Unloading 4 unused Assets to reduce memory usage. Loaded Objects now: 1943.
Total: 2.154200 ms (FindLiveObjects: 0.219400 ms CreateObjectMapping: 0.036500 ms MarkObjects: 1.881900 ms  DeleteObjects: 0.015300 ms)

========================================================================
Received Prepare
Registering precompiled user dll's ...
Registered in 0.000855 seconds.
Begin MonoManager ReloadAssembly
Native extension for WindowsStandalone target not found
Refreshing native plugins compatible for Editor in 0.31 ms, found 0 plugins.
Preloading 0 native plugins for Editor in 0.00 ms.
Warning: Annotation not found!
UnityEngine.StackTraceUtility:ExtractStackTrace ()
UnityEditor.ProBuilder.EditorUtility:SetGizmoIconEnabled (System.Type,bool) (at Library/PackageCache/com.unity.probuilder@4.4.0/Editor/EditorCore/EditorUtility.cs:593)
UnityEditor.ProBuilder.HierarchyListener:.cctor () (at Library/PackageCache/com.unity.probuilder@4.4.0/Editor/EditorCore/HierarchyListener.cs:21)
System.Runtime.CompilerServices.RuntimeHelpers:RunClassConstructor (System.RuntimeTypeHandle)
UnityEditor.EditorAssemblies:ProcessInitializeOnLoadAttributes (System.Type[])

[Library/PackageCache/com.unity.probuilder@4.4.0/Editor/EditorCore/EditorUtility.cs line 593]

Invoked RoslynAnalysisRunner static constructor.
RoslynAnalysisRunner will not be running.
RoslynAnalysisRunner has terminated.
Mono: successfully reloaded assembly
- Completed reload, in  0.863 seconds
Platform modules already initialized, skipping
Refreshing native plugins compatible for Editor in 0.29 ms, found 0 plugins.
Preloading 0 native plugins for Editor in 0.00 ms.
Unloading 1432 Unused Serialized files (Serialized files now loaded: 0)
System memory in use before: 73.0 MB.
System memory in use after: 73.1 MB.

Unloading 4 unused Assets to reduce memory usage. Loaded Objects now: 1945.
Total: 2.203400 ms (FindLiveObjects: 0.202200 ms CreateObjectMapping: 0.038100 ms MarkObjects: 1.945900 ms  DeleteObjects: 0.015800 ms)

========================================================================
Received Prepare
Registering precompiled user dll's ...
Registered in 0.000845 seconds.
Begin MonoManager ReloadAssembly
Native extension for WindowsStandalone target not found
Refreshing native plugins compatible for Editor in 0.30 ms, found 0 plugins.
Preloading 0 native plugins for Editor in 0.00 ms.
Warning: Annotation not found!
UnityEngine.StackTraceUtility:ExtractStackTrace ()
UnityEditor.ProBuilder.EditorUtility:SetGizmoIconEnabled (System.Type,bool) (at Library/PackageCache/com.unity.probuilder@4.4.0/Editor/EditorCore/EditorUtility.cs:593)
UnityEditor.ProBuilder.HierarchyListener:.cctor () (at Library/PackageCache/com.unity.probuilder@4.4.0/Editor/EditorCore/HierarchyListener.cs:21)
System.Runtime.CompilerServices.RuntimeHelpers:RunClassConstructor (System.RuntimeTypeHandle)
UnityEditor.EditorAssemblies:ProcessInitializeOnLoadAttributes (System.Type[])

[Library/PackageCache/com.unity.probuilder@4.4.0/Editor/EditorCore/EditorUtility.cs line 593]

Invoked RoslynAnalysisRunner static constructor.
RoslynAnalysisRunner will not be running.
RoslynAnalysisRunner has terminated.
Mono: successfully reloaded assembly
- Completed reload, in  0.861 seconds
Platform modules already initialized, skipping
Refreshing native plugins compatible for Editor in 0.30 ms, found 0 plugins.
Preloading 0 native plugins for Editor in 0.00 ms.
Unloading 1432 Unused Serialized files (Serialized files now loaded: 0)
System memory in use before: 73.0 MB.
System memory in use after: 73.1 MB.

Unloading 4 unused Assets to reduce memory usage. Loaded Objects now: 1947.
Total: 2.348000 ms (FindLiveObjects: 0.268200 ms CreateObjectMapping: 0.068600 ms MarkObjects: 1.993600 ms  DeleteObjects: 0.016700 ms)

========================================================================
Received Prepare
Registering precompiled user dll's ...
Registered in 0.000838 seconds.
Begin MonoManager ReloadAssembly
Native extension for WindowsStandalone target not found
Refreshing native plugins compatible for Editor in 0.29 ms, found 0 plugins.
Preloading 0 native plugins for Editor in 0.00 ms.
Warning: Annotation not found!
UnityEngine.StackTraceUtility:ExtractStackTrace ()
UnityEditor.ProBuilder.EditorUtility:SetGizmoIconEnabled (System.Type,bool) (at Library/PackageCache/com.unity.probuilder@4.4.0/Editor/EditorCore/EditorUtility.cs:593)
UnityEditor.ProBuilder.HierarchyListener:.cctor () (at Library/PackageCache/com.unity.probuilder@4.4.0/Editor/EditorCore/HierarchyListener.cs:21)
System.Runtime.CompilerServices.RuntimeHelpers:RunClassConstructor (System.RuntimeTypeHandle)
UnityEditor.EditorAssemblies:ProcessInitializeOnLoadAttributes (System.Type[])

[Library/PackageCache/com.unity.probuilder@4.4.0/Editor/EditorCore/EditorUtility.cs line 593]

Invoked RoslynAnalysisRunner static constructor.
RoslynAnalysisRunner will not be running.
RoslynAnalysisRunner has terminated.
Mono: successfully reloaded assembly
- Completed reload, in  0.848 seconds
Platform modules already initialized, skipping
Refreshing native plugins compatible for Editor in 0.30 ms, found 0 plugins.
Preloading 0 native plugins for Editor in 0.00 ms.
Unloading 1432 Unused Serialized files (Serialized files now loaded: 0)
System memory in use before: 73.0 MB.
System memory in use after: 73.1 MB.

Unloading 4 unused Assets to reduce memory usage. Loaded Objects now: 1949.
Total: 2.148900 ms (FindLiveObjects: 0.219000 ms CreateObjectMapping: 0.037600 ms MarkObjects: 1.876500 ms  DeleteObjects: 0.014400 ms)

========================================================================
Received Prepare
Registering precompiled user dll's ...
Registered in 0.000868 seconds.
Begin MonoManager ReloadAssembly
Native extension for WindowsStandalone target not found
Refreshing native plugins compatible for Editor in 0.40 ms, found 0 plugins.
Preloading 0 native plugins for Editor in 0.00 ms.
Warning: Annotation not found!
UnityEngine.StackTraceUtility:ExtractStackTrace ()
UnityEditor.ProBuilder.EditorUtility:SetGizmoIconEnabled (System.Type,bool) (at Library/PackageCache/com.unity.probuilder@4.4.0/Editor/EditorCore/EditorUtility.cs:593)
UnityEditor.ProBuilder.HierarchyListener:.cctor () (at Library/PackageCache/com.unity.probuilder@4.4.0/Editor/EditorCore/HierarchyListener.cs:21)
System.Runtime.CompilerServices.RuntimeHelpers:RunClassConstructor (System.RuntimeTypeHandle)
UnityEditor.EditorAssemblies:ProcessInitializeOnLoadAttributes (System.Type[])

[Library/PackageCache/com.unity.probuilder@4.4.0/Editor/EditorCore/EditorUtility.cs line 593]

Invoked RoslynAnalysisRunner static constructor.
RoslynAnalysisRunner will not be running.
RoslynAnalysisRunner has terminated.
Mono: successfully reloaded assembly
- Completed reload, in  0.863 seconds
Platform modules already initialized, skipping
Refreshing native plugins compatible for Editor in 0.31 ms, found 0 plugins.
Preloading 0 native plugins for Editor in 0.00 ms.
Unloading 1432 Unused Serialized files (Serialized files now loaded: 0)
System memory in use before: 72.7 MB.
System memory in use after: 72.8 MB.

Unloading 4 unused Assets to reduce memory usage. Loaded Objects now: 1951.
Total: 2.162900 ms (FindLiveObjects: 0.201800 ms CreateObjectMapping: 0.041800 ms MarkObjects: 1.903900 ms  DeleteObjects: 0.014200 ms)

========================================================================
Received Prepare
Registering precompiled user dll's ...
Registered in 0.000874 seconds.
Begin MonoManager ReloadAssembly
Native extension for WindowsStandalone target not found
Refreshing native plugins compatible for Editor in 0.29 ms, found 0 plugins.
Preloading 0 native plugins for Editor in 0.00 ms.
Warning: Annotation not found!
UnityEngine.StackTraceUtility:ExtractStackTrace ()
UnityEditor.ProBuilder.EditorUtility:SetGizmoIconEnabled (System.Type,bool) (at Library/PackageCache/com.unity.probuilder@4.4.0/Editor/EditorCore/EditorUtility.cs:593)
UnityEditor.ProBuilder.HierarchyListener:.cctor () (at Library/PackageCache/com.unity.probuilder@4.4.0/Editor/EditorCore/HierarchyListener.cs:21)
System.Runtime.CompilerServices.RuntimeHelpers:RunClassConstructor (System.RuntimeTypeHandle)
UnityEditor.EditorAssemblies:ProcessInitializeOnLoadAttributes (System.Type[])

[Library/PackageCache/com.unity.probuilder@4.4.0/Editor/EditorCore/EditorUtility.cs line 593]

Invoked RoslynAnalysisRunner static constructor.
RoslynAnalysisRunner will not be running.
RoslynAnalysisRunner has terminated.
Mono: successfully reloaded assembly
- Completed reload, in  0.843 seconds
Platform modules already initialized, skipping
Refreshing native plugins compatible for Editor in 0.30 ms, found 0 plugins.
Preloading 0 native plugins for Editor in 0.00 ms.
Unloading 1432 Unused Serialized files (Serialized files now loaded: 0)
System memory in use before: 73.0 MB.
System memory in use after: 73.2 MB.

Unloading 4 unused Assets to reduce memory usage. Loaded Objects now: 1953.
Total: 2.230300 ms (FindLiveObjects: 0.232800 ms CreateObjectMapping: 0.047700 ms MarkObjects: 1.935500 ms  DeleteObjects: 0.013300 ms)

========================================================================
Received Prepare
Registering precompiled user dll's ...
Registered in 0.000891 seconds.
Begin MonoManager ReloadAssembly
Native extension for WindowsStandalone target not found
Refreshing native plugins compatible for Editor in 0.30 ms, found 0 plugins.
Preloading 0 native plugins for Editor in 0.00 ms.
Warning: Annotation not found!
UnityEngine.StackTraceUtility:ExtractStackTrace ()
UnityEditor.ProBuilder.EditorUtility:SetGizmoIconEnabled (System.Type,bool) (at Library/PackageCache/com.unity.probuilder@4.4.0/Editor/EditorCore/EditorUtility.cs:593)
UnityEditor.ProBuilder.HierarchyListener:.cctor () (at Library/PackageCache/com.unity.probuilder@4.4.0/Editor/EditorCore/HierarchyListener.cs:21)
System.Runtime.CompilerServices.RuntimeHelpers:RunClassConstructor (System.RuntimeTypeHandle)
UnityEditor.EditorAssemblies:ProcessInitializeOnLoadAttributes (System.Type[])

[Library/PackageCache/com.unity.probuilder@4.4.0/Editor/EditorCore/EditorUtility.cs line 593]

Invoked RoslynAnalysisRunner static constructor.
RoslynAnalysisRunner will not be running.
RoslynAnalysisRunner has terminated.
Mono: successfully reloaded assembly
- Completed reload, in  0.859 seconds
Platform modules already initialized, skipping
Refreshing native plugins compatible for Editor in 0.30 ms, found 0 plugins.
Preloading 0 native plugins for Editor in 0.00 ms.
Unloading 1432 Unused Serialized files (Serialized files now loaded: 0)
System memory in use before: 72.8 MB.
System memory in use after: 72.9 MB.

Unloading 4 unused Assets to reduce memory usage. Loaded Objects now: 1955.
Total: 2.197700 ms (FindLiveObjects: 0.186500 ms CreateObjectMapping: 0.038700 ms MarkObjects: 1.956600 ms  DeleteObjects: 0.014400 ms)

========================================================================
Received Prepare
Registering precompiled user dll's ...
Registered in 0.001088 seconds.
Begin MonoManager ReloadAssembly
Native extension for WindowsStandalone target not found
Refreshing native plugins compatible for Editor in 0.29 ms, found 0 plugins.
Preloading 0 native plugins for Editor in 0.00 ms.
Warning: Annotation not found!
UnityEngine.StackTraceUtility:ExtractStackTrace ()
UnityEditor.ProBuilder.EditorUtility:SetGizmoIconEnabled (System.Type,bool) (at Library/PackageCache/com.unity.probuilder@4.4.0/Editor/EditorCore/EditorUtility.cs:593)
UnityEditor.ProBuilder.HierarchyListener:.cctor () (at Library/PackageCache/com.unity.probuilder@4.4.0/Editor/EditorCore/HierarchyListener.cs:21)
System.Runtime.CompilerServices.RuntimeHelpers:RunClassConstructor (System.RuntimeTypeHandle)
UnityEditor.EditorAssemblies:ProcessInitializeOnLoadAttributes (System.Type[])

[Library/PackageCache/com.unity.probuilder@4.4.0/Editor/EditorCore/EditorUtility.cs line 593]

Invoked RoslynAnalysisRunner static constructor.
RoslynAnalysisRunner will not be running.
RoslynAnalysisRunner has terminated.
Mono: successfully reloaded assembly
- Completed reload, in  0.854 seconds
Platform modules already initialized, skipping
Refreshing native plugins compatible for Editor in 0.29 ms, found 0 plugins.
Preloading 0 native plugins for Editor in 0.00 ms.
Unloading 1432 Unused Serialized files (Serialized files now loaded: 0)
System memory in use before: 73.0 MB.
System memory in use after: 73.2 MB.

Unloading 4 unused Assets to reduce memory usage. Loaded Objects now: 1957.
Total: 2.113700 ms (FindLiveObjects: 0.236300 ms CreateObjectMapping: 0.041600 ms MarkObjects: 1.822600 ms  DeleteObjects: 0.012200 ms)

========================================================================
Received Import Request.
  Time since last request: 2145.699445 seconds.
  path: Assets/Scenes/Level...2.unity
  artifactKey: Guid(ec73ed5717fe9e5419084f2c39594454) Importer(815301076,1909f56bfc062723c751e8b465ee728b)
Start importing Assets/Scenes/Level...2.unity using Guid(ec73ed5717fe9e5419084f2c39594454) Importer(815301076,1909f56bfc062723c751e8b465ee728b)  -> (artifact id: 'd80bf27189e194718b6e774e703fa8ad') in 0.012349 seconds
  Import took 0.014833 seconds .

========================================================================
Received Prepare
Registering precompiled user dll's ...
Registered in 0.000845 seconds.
Begin MonoManager ReloadAssembly
Native extension for WindowsStandalone target not found
Refreshing native plugins compatible for Editor in 0.31 ms, found 0 plugins.
Preloading 0 native plugins for Editor in 0.00 ms.
Warning: Annotation not found!
UnityEngine.StackTraceUtility:ExtractStackTrace ()
UnityEditor.ProBuilder.EditorUtility:SetGizmoIconEnabled (System.Type,bool) (at Library/PackageCache/com.unity.probuilder@4.4.0/Editor/EditorCore/EditorUtility.cs:593)
UnityEditor.ProBuilder.HierarchyListener:.cctor () (at Library/PackageCache/com.unity.probuilder@4.4.0/Editor/EditorCore/HierarchyListener.cs:21)
System.Runtime.CompilerServices.RuntimeHelpers:RunClassConstructor (System.RuntimeTypeHandle)
UnityEditor.EditorAssemblies:ProcessInitializeOnLoadAttributes (System.Type[])

[Library/PackageCache/com.unity.probuilder@4.4.0/Editor/EditorCore/EditorUtility.cs line 593]

Invoked RoslynAnalysisRunner static constructor.
RoslynAnalysisRunner will not be running.
RoslynAnalysisRunner has terminated.
Mono: successfully reloaded assembly
- Completed reload, in  0.875 seconds
Platform modules already initialized, skipping
Refreshing native plugins compatible for Editor in 0.29 ms, found 0 plugins.
Preloading 0 native plugins for Editor in 0.00 ms.
Unloading 1432 Unused Serialized files (Serialized files now loaded: 0)
System memory in use before: 73.0 MB.
System memory in use after: 73.1 MB.

Unloading 4 unused Assets to reduce memory usage. Loaded Objects now: 1959.
Total: 2.134700 ms (FindLiveObjects: 0.205300 ms CreateObjectMapping: 0.037200 ms MarkObjects: 1.876200 ms  DeleteObjects: 0.014700 ms)

========================================================================
Received Prepare
Registering precompiled user dll's ...
Registered in 0.000968 seconds.
Begin MonoManager ReloadAssembly
Native extension for WindowsStandalone target not found
Refreshing native plugins compatible for Editor in 0.34 ms, found 0 plugins.
Preloading 0 native plugins for Editor in 0.00 ms.
Warning: Annotation not found!
UnityEngine.StackTraceUtility:ExtractStackTrace ()
UnityEditor.ProBuilder.EditorUtility:SetGizmoIconEnabled (System.Type,bool) (at Library/PackageCache/com.unity.probuilder@4.4.0/Editor/EditorCore/EditorUtility.cs:593)
UnityEditor.ProBuilder.HierarchyListener:.cctor () (at Library/PackageCache/com.unity.probuilder@4.4.0/Editor/EditorCore/HierarchyListener.cs:21)
System.Runtime.CompilerServices.RuntimeHelpers:RunClassConstructor (System.RuntimeTypeHandle)
UnityEditor.EditorAssemblies:ProcessInitializeOnLoadAttributes (System.Type[])

[Library/PackageCache/com.unity.probuilder@4.4.0/Editor/EditorCore/EditorUtility.cs line 593]

Invoked RoslynAnalysisRunner static constructor.
RoslynAnalysisRunner will not be running.
RoslynAnalysisRunner has terminated.
Mono: successfully reloaded assembly
- Completed reload, in  0.994 seconds
Platform modules already initialized, skipping
Refreshing native plugins compatible for Editor in 0.30 ms, found 0 plugins.
Preloading 0 native plugins for Editor in 0.00 ms.
Unloading 1432 Unused Serialized files (Serialized files now loaded: 0)
System memory in use before: 73.1 MB.
System memory in use after: 73.2 MB.

Unloading 4 unused Assets to reduce memory usage. Loaded Objects now: 1961.
Total: 2.305400 ms (FindLiveObjects: 0.252300 ms CreateObjectMapping: 0.038700 ms MarkObjects: 1.993400 ms  DeleteObjects: 0.019600 ms)

========================================================================
Received Import Request.
  Time since last request: 6498.362632 seconds.
  path: Assets/Scenes/Level...1.unity
  artifactKey: Guid(bec5ee377b4f53f45807a7e79dff2ec3) Importer(815301076,1909f56bfc062723c751e8b465ee728b)
Start importing Assets/Scenes/Level...1.unity using Guid(bec5ee377b4f53f45807a7e79dff2ec3) Importer(815301076,1909f56bfc062723c751e8b465ee728b)  -> (artifact id: '5287b9d67fdaadc52e965143633eeae1') in 0.013801 seconds
  Import took 0.016459 seconds .

========================================================================
Received Import Request.
  Time since last request: 22.500043 seconds.
  path: Assets/Materials/Walls.mat
  artifactKey: Guid(19542422fa2fd504eae60e8ddd77a77b) Importer(815301076,1909f56bfc062723c751e8b465ee728b)
Start importing Assets/Materials/Walls.mat using Guid(19542422fa2fd504eae60e8ddd77a77b) Importer(815301076,1909f56bfc062723c751e8b465ee728b)  -> (artifact id: 'da2adece9d3bf36cd5339a5a8c980bb5') in 0.129700 seconds
  Import took 0.132320 seconds .

========================================================================
Received Import Request.
  Time since last request: 408.683378 seconds.
  path: Assets/Script/LoadLevelOnTrigger.cs
  artifactKey: Guid(a6cc17002a351bd419802399b1e762b7) Importer(815301076,1909f56bfc062723c751e8b465ee728b)
Start importing Assets/Script/LoadLevelOnTrigger.cs using Guid(a6cc17002a351bd419802399b1e762b7) Importer(815301076,1909f56bfc062723c751e8b465ee728b)  -> (artifact id: '1e360fe309a6ed64a766e37751c44561') in 0.013265 seconds
  Import took 0.015961 seconds .

========================================================================
Received Import Request.
  Time since last request: 0.001723 seconds.
  path: Assets/Script/LoadLevelOnTrigger.cs
  artifactKey: Guid(a6cc17002a351bd419802399b1e762b7) Importer(815301076,1909f56bfc062723c751e8b465ee728b)
Start importing Assets/Script/LoadLevelOnTrigger.cs using Guid(a6cc17002a351bd419802399b1e762b7) Importer(815301076,1909f56bfc062723c751e8b465ee728b)  -> (artifact id: '1e360fe309a6ed64a766e37751c44561') in 0.003591 seconds
  Import took 0.006057 seconds .

========================================================================
Received Import Request.
  Time since last request: 19.848511 seconds.
  path: Assets/Script/BallMovement.cs
  artifactKey: Guid(e9c0f2950ea7f2540b0094a2b3cd5776) Importer(815301076,1909f56bfc062723c751e8b465ee728b)
Start importing Assets/Script/BallMovement.cs using Guid(e9c0f2950ea7f2540b0094a2b3cd5776) Importer(815301076,1909f56bfc062723c751e8b465ee728b)  -> (artifact id: '6b8e0fea2c81d3ea3811e9698e99c87e') in 0.010115 seconds
  Import took 0.012629 seconds .

========================================================================
Received Import Request.
  Time since last request: 0.022843 seconds.
  path: Assets/Script/BallMovement.cs
  artifactKey: Guid(e9c0f2950ea7f2540b0094a2b3cd5776) Importer(815301076,1909f56bfc062723c751e8b465ee728b)
Start importing Assets/Script/BallMovement.cs using Guid(e9c0f2950ea7f2540b0094a2b3cd5776) Importer(815301076,1909f56bfc062723c751e8b465ee728b)  -> (artifact id: '6b8e0fea2c81d3ea3811e9698e99c87e') in 0.003591 seconds
  Import took 0.006102 seconds .

========================================================================
Received Import Request.
  Time since last request: 18.144894 seconds.
  path: Assets/Scenes/IceLevel.unity
  artifactKey: Guid(bec5ee377b4f53f45807a7e79dff2ec3) Importer(815301076,1909f56bfc062723c751e8b465ee728b)
Start importing Assets/Scenes/IceLevel.unity using Guid(bec5ee377b4f53f45807a7e79dff2ec3) Importer(815301076,1909f56bfc062723c751e8b465ee728b)  -> (artifact id: 'f77fac5114a7da11e396743ad68ea507') in 0.010450 seconds
  Import took 0.013108 seconds .

========================================================================
Received Import Request.
  Time since last request: 16.090038 seconds.
  path: Assets/Scenes/IceLevel1.unity
  artifactKey: Guid(ec73ed5717fe9e5419084f2c39594454) Importer(815301076,1909f56bfc062723c751e8b465ee728b)
Start importing Assets/Scenes/IceLevel1.unity using Guid(ec73ed5717fe9e5419084f2c39594454) Importer(815301076,1909f56bfc062723c751e8b465ee728b)  -> (artifact id: '147fd737bebc3d25b060b67f68c72cd4') in 0.010667 seconds
  Import took 0.013227 seconds .

========================================================================
Received Import Request.
  Time since last request: 1431.848883 seconds.
  path: Assets/Scenes/IceLevel1.unity
  artifactKey: Guid(ec73ed5717fe9e5419084f2c39594454) Importer(815301076,1909f56bfc062723c751e8b465ee728b)
Start importing Assets/Scenes/IceLevel1.unity using Guid(ec73ed5717fe9e5419084f2c39594454) Importer(815301076,1909f56bfc062723c751e8b465ee728b)  -> (artifact id: '47f03bf14f9ec4af822e3d55af209674') in 0.010425 seconds
  Import took 0.013093 seconds .

========================================================================
Received Prepare
Registering precompiled user dll's ...
Registered in 0.000992 seconds.
Begin MonoManager ReloadAssembly
Native extension for WindowsStandalone target not found
Refreshing native plugins compatible for Editor in 0.30 ms, found 0 plugins.
Preloading 0 native plugins for Editor in 0.00 ms.
Warning: Annotation not found!
UnityEngine.StackTraceUtility:ExtractStackTrace ()
UnityEditor.ProBuilder.EditorUtility:SetGizmoIconEnabled (System.Type,bool) (at Library/PackageCache/com.unity.probuilder@4.4.0/Editor/EditorCore/EditorUtility.cs:593)
UnityEditor.ProBuilder.HierarchyListener:.cctor () (at Library/PackageCache/com.unity.probuilder@4.4.0/Editor/EditorCore/HierarchyListener.cs:21)
System.Runtime.CompilerServices.RuntimeHelpers:RunClassConstructor (System.RuntimeTypeHandle)
UnityEditor.EditorAssemblies:ProcessInitializeOnLoadAttributes (System.Type[])

[Library/PackageCache/com.unity.probuilder@4.4.0/Editor/EditorCore/EditorUtility.cs line 593]

Invoked RoslynAnalysisRunner static constructor.
RoslynAnalysisRunner will not be running.
RoslynAnalysisRunner has terminated.
Mono: successfully reloaded assembly
- Completed reload, in  0.878 seconds
Platform modules already initialized, skipping
Refreshing native plugins compatible for Editor in 0.29 ms, found 0 plugins.
Preloading 0 native plugins for Editor in 0.00 ms.
Unloading 1432 Unused Serialized files (Serialized files now loaded: 0)
System memory in use before: 76.1 MB.
System memory in use after: 76.2 MB.

Unloading 4 unused Assets to reduce memory usage. Loaded Objects now: 2003.
Total: 2.285200 ms (FindLiveObjects: 0.216300 ms CreateObjectMapping: 0.038200 ms MarkObjects: 2.010100 ms  DeleteObjects: 0.019800 ms)

========================================================================
Received Import Request.
  Time since last request: 735.010955 seconds.
  path: Assets/Scenes/IceLevel1.unity
  artifactKey: Guid(ec73ed5717fe9e5419084f2c39594454) Importer(815301076,1909f56bfc062723c751e8b465ee728b)
Start importing Assets/Scenes/IceLevel1.unity using Guid(ec73ed5717fe9e5419084f2c39594454) Importer(815301076,1909f56bfc062723c751e8b465ee728b)  -> (artifact id: 'd6a3f62f0fa07fd5285db17cba1a3af7') in 0.007259 seconds
  Import took 0.009817 seconds .

========================================================================
Received Import Request.
  Time since last request: 819.187434 seconds.
  path: Assets/Scenes/IceLevel1.unity
  artifactKey: Guid(ec73ed5717fe9e5419084f2c39594454) Importer(815301076,1909f56bfc062723c751e8b465ee728b)
Start importing Assets/Scenes/IceLevel1.unity using Guid(ec73ed5717fe9e5419084f2c39594454) Importer(815301076,1909f56bfc062723c751e8b465ee728b)  -> (artifact id: '437833cf8a7172be73e18b2b7351b36f') in 0.003738 seconds
  Import took 0.006608 seconds .

========================================================================
Received Prepare
Registering precompiled user dll's ...
Registered in 0.000889 seconds.
Begin MonoManager ReloadAssembly
Native extension for WindowsStandalone target not found
Refreshing native plugins compatible for Editor in 0.29 ms, found 0 plugins.
Preloading 0 native plugins for Editor in 0.00 ms.
Warning: Annotation not found!
UnityEngine.StackTraceUtility:ExtractStackTrace ()
UnityEditor.ProBuilder.EditorUtility:SetGizmoIconEnabled (System.Type,bool) (at Library/PackageCache/com.unity.probuilder@4.4.0/Editor/EditorCore/EditorUtility.cs:593)
UnityEditor.ProBuilder.HierarchyListener:.cctor () (at Library/PackageCache/com.unity.probuilder@4.4.0/Editor/EditorCore/HierarchyListener.cs:21)
System.Runtime.CompilerServices.RuntimeHelpers:RunClassConstructor (System.RuntimeTypeHandle)
UnityEditor.EditorAssemblies:ProcessInitializeOnLoadAttributes (System.Type[])

[Library/PackageCache/com.unity.probuilder@4.4.0/Editor/EditorCore/EditorUtility.cs line 593]

Invoked RoslynAnalysisRunner static constructor.
RoslynAnalysisRunner will not be running.
RoslynAnalysisRunner has terminated.
Mono: successfully reloaded assembly
- Completed reload, in  0.858 seconds
Platform modules already initialized, skipping
Refreshing native plugins compatible for Editor in 0.29 ms, found 0 plugins.
Preloading 0 native plugins for Editor in 0.00 ms.
Unloading 1432 Unused Serialized files (Serialized files now loaded: 0)
System memory in use before: 75.8 MB.
System memory in use after: 75.9 MB.

Unloading 4 unused Assets to reduce memory usage. Loaded Objects now: 2005.
Total: 2.144000 ms (FindLiveObjects: 0.183600 ms CreateObjectMapping: 0.037200 ms MarkObjects: 1.907600 ms  DeleteObjects: 0.014700 ms)

========================================================================
Received Import Request.
  Time since last request: 60.822840 seconds.
  path: Assets/Scenes/IceLevel1.unity
  artifactKey: Guid(ec73ed5717fe9e5419084f2c39594454) Importer(815301076,1909f56bfc062723c751e8b465ee728b)
Start importing Assets/Scenes/IceLevel1.unity using Guid(ec73ed5717fe9e5419084f2c39594454) Importer(815301076,1909f56bfc062723c751e8b465ee728b)  -> (artifact id: '2348ff94de5abbedd5bf021cc0d6d38a') in 0.007425 seconds
  Import took 0.010031 seconds .

========================================================================
Received Prepare
Registering precompiled user dll's ...
Registered in 0.000835 seconds.
Begin MonoManager ReloadAssembly
Native extension for WindowsStandalone target not found
Refreshing native plugins compatible for Editor in 0.42 ms, found 0 plugins.
Preloading 0 native plugins for Editor in 0.00 ms.
Warning: Annotation not found!
UnityEngine.StackTraceUtility:ExtractStackTrace ()
UnityEditor.ProBuilder.EditorUtility:SetGizmoIconEnabled (System.Type,bool) (at Library/PackageCache/com.unity.probuilder@4.4.0/Editor/EditorCore/EditorUtility.cs:593)
UnityEditor.ProBuilder.HierarchyListener:.cctor () (at Library/PackageCache/com.unity.probuilder@4.4.0/Editor/EditorCore/HierarchyListener.cs:21)
System.Runtime.CompilerServices.RuntimeHelpers:RunClassConstructor (System.RuntimeTypeHandle)
UnityEditor.EditorAssemblies:ProcessInitializeOnLoadAttributes (System.Type[])

[Library/PackageCache/com.unity.probuilder@4.4.0/Editor/EditorCore/EditorUtility.cs line 593]

Invoked RoslynAnalysisRunner static constructor.
RoslynAnalysisRunner will not be running.
RoslynAnalysisRunner has terminated.
Mono: successfully reloaded assembly
- Completed reload, in  0.877 seconds
Platform modules already initialized, skipping
Refreshing native plugins compatible for Editor in 0.30 ms, found 0 plugins.
Preloading 0 native plugins for Editor in 0.00 ms.
Unloading 1432 Unused Serialized files (Serialized files now loaded: 0)
System memory in use before: 76.2 MB.
System memory in use after: 76.3 MB.

Unloading 4 unused Assets to reduce memory usage. Loaded Objects now: 2007.
Total: 2.194200 ms (FindLiveObjects: 0.191500 ms CreateObjectMapping: 0.045100 ms MarkObjects: 1.941500 ms  DeleteObjects: 0.015100 ms)

AssetImportWorkerClient::OnTransportError - code=2 error=End of file
